Retrieving https://www.elrepo.org/elrepo-release-6-8.el6.elrepo.noarch.rpm
Preparing...                ##################################################
	package elrepo-release-6-8.el6.elrepo.noarch is already installed
--2019-03-01 21:27:24--  http://repos.lax.quadranet.com/elrepo/archive/kernel/el6/x86_64/RPMS/kernel-ml-4.18.20-1.el6.elrepo.x86_64.rpm
正在解析主机 repos.lax.quadranet.com... 198.55.111.5, 2607:fcd0:0:a::2
正在连接 repos.lax.quadranet.com|198.55.111.5|:80... 已连接。
已发出 HTTP 请求，正在等待回应... 200 OK
长度：47064928 (45M) [application/x-redhat-package-manager]
正在保存至: “kernel-ml-4.18.20-1.el6.elrepo.x86_64.rpm”

     0K .......... .......... .......... .......... ..........  0% 17.3M 3s
    50K .......... .......... .......... .......... ..........  0% 16.0M 3s
   100K .......... .......... .......... .......... ..........  0% 25.0M 2s
   150K .......... .......... .......... .......... ..........  0% 24.3M 2s
   200K .......... .......... .......... .......... ..........  0% 35.9M 2s
   250K .......... .......... .......... .......... ..........  0% 28.4M 2s
   300K .......... .......... .......... .......... ..........  0% 35.9M 2s
   350K .......... .......... .......... .......... ..........  0% 22.8M 2s
   400K .......... .......... .......... .......... ..........  0% 20.1M 2s
   450K .......... .......... .......... .......... ..........  1%  140M 2s
   500K .......... .......... .......... .......... ..........  1% 22.7M 2s
   550K .......... .......... .......... .......... ..........  1% 73.3M 2s
   600K .......... .......... .......... .......... ..........  1%  305M 2s
   650K .......... .......... .......... .......... ..........  1% 25.4M 2s
   700K .......... .......... .......... .......... ..........  1% 20.1M 2s
   750K .......... .......... .......... .......... ..........  1% 37.4M 2s
   800K .......... .......... .......... .......... ..........  1%  323M 1s
   850K .......... .......... .......... .......... ..........  1% 15.9M 2s
   900K .......... .......... .......... .......... ..........  2% 39.0M 2s
   950K .......... .......... .......... .......... ..........  2% 7.43M 2s
  1000K .......... .......... .......... .......... ..........  2% 46.2M 2s
  1050K .......... .......... .......... .......... ..........  2% 38.8M 2s
  1100K .......... .......... .......... .......... ..........  2% 6.21M 2s
  1150K .......... .......... .......... .......... ..........  2% 44.9M 2s
  1200K .......... .......... .......... .......... ..........  2% 30.3M 2s
  1250K .......... .......... .......... .......... ..........  2% 58.9M 2s
  1300K .......... .......... .......... .......... ..........  2% 51.2M 2s
  1350K .......... .......... .......... .......... ..........  3% 1.92M 3s
  1400K .......... .......... .......... .......... ..........  3%  215M 2s
  1450K .......... .......... .......... .......... ..........  3% 71.1M 2s
  1500K .......... .......... .......... .......... ..........  3%  265M 2s
  1550K .......... .......... .......... .......... ..........  3% 59.6M 2s
  1600K .......... .......... .......... .......... ..........  3% 39.7M 2s
  1650K .......... .......... .......... .......... ..........  3% 55.5M 2s
  1700K .......... .......... .......... .......... ..........  3% 56.5M 2s
  1750K .......... .......... .......... .......... ..........  3%  271M 2s
  1800K .......... .......... .......... .......... ..........  4% 53.3M 2s
  1850K .......... .......... .......... .......... ..........  4% 42.8M 2s
  1900K .......... .......... .......... .......... ..........  4% 63.2M 2s
  1950K .......... .......... .......... .......... ..........  4% 71.8M 2s
  2000K .......... .......... .......... .......... ..........  4% 72.0M 2s
  2050K .......... .......... .......... .......... ..........  4% 46.9M 2s
  2100K .......... .......... .......... .......... ..........  4% 65.9M 2s
  2150K .......... .......... .......... .......... ..........  4%  216M 2s
  2200K .......... .......... .......... .......... ..........  4% 34.9M 2s
  2250K .......... .......... .......... .......... ..........  5% 32.5M 2s
  2300K .......... .......... .......... .......... ..........  5%  151M 2s
  2350K .......... .......... .......... .......... ..........  5%  321M 2s
  2400K .......... .......... .......... .......... ..........  5% 29.6M 2s
  2450K .......... .......... .......... .......... ..........  5% 56.0M 2s
  2500K .......... .......... .......... .......... ..........  5%  180M 2s
  2550K .......... .......... .......... .......... ..........  5%  349M 2s
  2600K .......... .......... .......... .......... ..........  5% 46.9M 2s
  2650K .......... .......... .......... .......... ..........  5% 29.3M 2s
  2700K .......... .......... .......... .......... ..........  5% 54.1M 2s
  2750K .......... .......... .......... .......... ..........  6% 50.3M 2s
  2800K .......... .......... .......... .......... ..........  6% 53.4M 2s
  2850K .......... .......... .......... .......... ..........  6%  257M 2s
  2900K .......... .......... .......... .......... ..........  6% 63.7M 2s
  2950K .......... .......... .......... .......... ..........  6% 52.8M 1s
  3000K .......... .......... .......... .......... ..........  6% 41.3M 1s
  3050K .......... .......... .......... .......... ..........  6%  192M 1s
  3100K .......... .......... .......... .......... ..........  6% 51.1M 1s
  3150K .......... .......... .......... .......... ..........  6% 48.7M 1s
  3200K .......... .......... .......... .......... ..........  7% 17.0M 1s
  3250K .......... .......... .......... .......... ..........  7%  188M 1s
  3300K .......... .......... .......... .......... ..........  7%  151M 1s
  3350K .......... .......... .......... .......... ..........  7% 48.9M 1s
  3400K .......... .......... .......... .......... ..........  7% 48.6M 1s
  3450K .......... .......... .......... .......... ..........  7% 31.5M 1s
  3500K .......... .......... .......... .......... ..........  7% 31.6M 1s
  3550K .......... .......... .......... .......... ..........  7% 38.2M 1s
  3600K .......... .......... .......... .......... ..........  7% 64.7M 1s
  3650K .......... .......... .......... .......... ..........  8% 43.9M 1s
  3700K .......... .......... .......... .......... ..........  8% 9.29M 1s
  3750K .......... .......... .......... .......... ..........  8% 45.3M 1s
  3800K .......... .......... .......... .......... ..........  8%  321M 1s
  3850K .......... .......... .......... .......... ..........  8%  182M 1s
  3900K .......... .......... .......... .......... ..........  8%  102M 1s
  3950K .......... .......... .......... .......... ..........  8% 55.3M 1s
  4000K .......... .......... .......... .......... ..........  8% 50.0M 1s
  4050K .......... .......... .......... .......... ..........  8% 77.7M 1s
  4100K .......... .......... .......... .......... ..........  9% 92.1M 1s
  4150K .......... .......... .......... .......... ..........  9% 53.9M 1s
  4200K .......... .......... .......... .......... ..........  9%  298M 1s
  4250K .......... .......... .......... .......... ..........  9%  339M 1s
  4300K .......... .......... .......... .......... ..........  9%  165M 1s
  4350K .......... .......... .......... .......... ..........  9%  258M 1s
  4400K .......... .......... .......... .......... ..........  9%  280M 1s
  4450K .......... .......... .......... .......... ..........  9%  293M 1s
  4500K .......... .......... .......... .......... ..........  9% 60.0M 1s
  4550K .......... .......... .......... .......... .......... 10% 55.4M 1s
  4600K .......... .......... .......... .......... .......... 10% 40.7M 1s
  4650K .......... .......... .......... .......... .......... 10% 37.6M 1s
  4700K .......... .......... .......... .......... .......... 10% 53.6M 1s
  4750K .......... .......... .......... .......... .......... 10%  343M 1s
  4800K .......... .......... .......... .......... .......... 10% 60.5M 1s
  4850K .......... .......... .......... .......... .......... 10% 47.4M 1s
  4900K .......... .......... .......... .......... .......... 10% 62.7M 1s
  4950K .......... .......... .......... .......... .......... 10%  293M 1s
  5000K .......... .......... .......... .......... .......... 10%  344M 1s
  5050K .......... .......... .......... .......... .......... 11% 54.3M 1s
  5100K .......... .......... .......... .......... .......... 11% 48.3M 1s
  5150K .......... .......... .......... .......... .......... 11% 63.0M 1s
  5200K .......... .......... .......... .......... .......... 11%  310M 1s
  5250K .......... .......... .......... .......... .......... 11% 42.4M 1s
  5300K .......... .......... .......... .......... .......... 11% 75.9M 1s
  5350K .......... .......... .......... .......... .......... 11%  300M 1s
  5400K .......... .......... .......... .......... .......... 11% 30.2M 1s
  5450K .......... .......... .......... .......... .......... 11%  125M 1s
  5500K .......... .......... .......... .......... .......... 12% 68.8M 1s
  5550K .......... .......... .......... .......... .......... 12% 41.1M 1s
  5600K .......... .......... .......... .......... .......... 12% 71.2M 1s
  5650K .......... .......... .......... .......... .......... 12% 33.4M 1s
  5700K .......... .......... .......... .......... .......... 12% 18.5M 1s
  5750K .......... .......... .......... .......... .......... 12% 51.2M 1s
  5800K .......... .......... .......... .......... .......... 12% 56.1M 1s
  5850K .......... .......... .......... .......... .......... 12% 65.2M 1s
  5900K .......... .......... .......... .......... .......... 12% 19.2M 1s
  5950K .......... .......... .......... .......... .......... 13% 70.9M 1s
  6000K .......... .......... .......... .......... .......... 13% 43.4M 1s
  6050K .......... .......... .......... .......... .......... 13% 28.7M 1s
  6100K .......... .......... .......... .......... .......... 13% 39.9M 1s
  6150K .......... .......... .......... .......... .......... 13% 64.3M 1s
  6200K .......... .......... .......... .......... .......... 13% 13.9M 1s
  6250K .......... .......... .......... .......... .......... 13% 48.8M 1s
  6300K .......... .......... .......... .......... .......... 13% 46.3M 1s
  6350K .......... .......... .......... .......... .......... 13% 20.3M 1s
  6400K .......... .......... .......... .......... .......... 14% 33.2M 1s
  6450K .......... .......... .......... .......... .......... 14% 32.3M 1s
  6500K .......... .......... .......... .......... .......... 14% 31.9M 1s
  6550K .......... .......... .......... .......... .......... 14%  166M 1s
  6600K .......... .......... .......... .......... .......... 14% 25.1M 1s
  6650K .......... .......... .......... .......... .......... 14% 28.6M 1s
  6700K .......... .......... .......... .......... .......... 14% 81.3M 1s
  6750K .......... .......... .......... .......... .......... 14% 50.1M 1s
  6800K .......... .......... .......... .......... .......... 14% 86.2M 1s
  6850K .......... .......... .......... .......... .......... 15%  175M 1s
  6900K .......... .......... .......... .......... .......... 15% 45.9M 1s
  6950K .......... .......... .......... .......... .......... 15% 43.3M 1s
  7000K .......... .......... .......... .......... .......... 15% 21.2M 1s
  7050K .......... .......... .......... .......... .......... 15% 35.3M 1s
  7100K .......... .......... .......... .......... .......... 15% 40.9M 1s
  7150K .......... .......... .......... .......... .......... 15% 50.8M 1s
  7200K .......... .......... .......... .......... .......... 15% 68.7M 1s
  7250K .......... .......... .......... .......... .......... 15% 22.0M 1s
  7300K .......... .......... .......... .......... .......... 15% 50.8M 1s
  7350K .......... .......... .......... .......... .......... 16% 53.2M 1s
  7400K .......... .......... .......... .......... .......... 16% 48.8M 1s
  7450K .......... .......... .......... .......... .......... 16% 45.1M 1s
  7500K .......... .......... .......... .......... .......... 16% 82.8M 1s
  7550K .......... .......... .......... .......... .......... 16% 31.6M 1s
  7600K .......... .......... .......... .......... .......... 16% 32.5M 1s
  7650K .......... .......... .......... .......... .......... 16% 59.9M 1s
  7700K .......... .......... .......... .......... .......... 16% 41.4M 1s
  7750K .......... .......... .......... .......... .......... 16% 43.1M 1s
  7800K .......... .......... .......... .......... .......... 17% 22.7M 1s
  7850K .......... .......... .......... .......... .......... 17% 55.1M 1s
  7900K .......... .......... .......... .......... .......... 17% 60.5M 1s
  7950K .......... .......... .......... .......... .......... 17% 23.7M 1s
  8000K .......... .......... .......... .......... .......... 17% 63.2M 1s
  8050K .......... .......... .......... .......... .......... 17% 62.5M 1s
  8100K .......... .......... .......... .......... .......... 17% 80.7M 1s
  8150K .......... .......... .......... .......... .......... 17% 40.2M 1s
  8200K .......... .......... .......... .......... .......... 17% 51.7M 1s
  8250K .......... .......... .......... .......... .......... 18% 63.6M 1s
  8300K .......... .......... .......... .......... .......... 18% 68.8M 1s
  8350K .......... .......... .......... .......... .......... 18% 94.7M 1s
  8400K .......... .......... .......... .......... .......... 18% 44.6M 1s
  8450K .......... .......... .......... .......... .......... 18% 52.9M 1s
  8500K .......... .......... .......... .......... .......... 18% 66.5M 1s
  8550K .......... .......... .......... .......... .......... 18% 63.5M 1s
  8600K .......... .......... .......... .......... .......... 18% 46.2M 1s
  8650K .......... .......... .......... .......... .......... 18% 38.1M 1s
  8700K .......... .......... .......... .......... .......... 19%  118M 1s
  8750K .......... .......... .......... .......... .......... 19% 31.8M 1s
  8800K .......... .......... .......... .......... .......... 19% 47.0M 1s
  8850K .......... .......... .......... .......... .......... 19%  168M 1s
  8900K .......... .......... .......... .......... .......... 19%  346M 1s
  8950K .......... .......... .......... .......... .......... 19% 26.2M 1s
  9000K .......... .......... .......... .......... .......... 19% 65.7M 1s
  9050K .......... .......... .......... .......... .......... 19%  333M 1s
  9100K .......... .......... .......... .......... .......... 19% 45.1M 1s
  9150K .......... .......... .......... .......... .......... 20%  337M 1s
  9200K .......... .......... .......... .......... .......... 20% 79.7M 1s
  9250K .......... .......... .......... .......... .......... 20% 49.6M 1s
  9300K .......... .......... .......... .......... .......... 20% 35.7M 1s
  9350K .......... .......... .......... .......... .......... 20% 50.1M 1s
  9400K .......... .......... .......... .......... .......... 20% 54.5M 1s
  9450K .......... .......... .......... .......... .......... 20% 55.4M 1s
  9500K .......... .......... .......... .......... .......... 20% 55.9M 1s
  9550K .......... .......... .......... .......... .......... 20% 41.4M 1s
  9600K .......... .......... .......... .......... .......... 20% 89.2M 1s
  9650K .......... .......... .......... .......... .......... 21%  118M 1s
  9700K .......... .......... .......... .......... .......... 21% 40.7M 1s
  9750K .......... .......... .......... .......... .......... 21% 91.9M 1s
  9800K .......... .......... .......... .......... .......... 21% 60.3M 1s
  9850K .......... .......... .......... .......... .......... 21% 73.2M 1s
  9900K .......... .......... .......... .......... .......... 21% 54.0M 1s
  9950K .......... .......... .......... .......... .......... 21% 52.1M 1s
 10000K .......... .......... .......... .......... .......... 21% 68.8M 1s
 10050K .......... .......... .......... .......... .......... 21% 20.0M 1s
 10100K .......... .......... .......... .......... .......... 22% 31.1M 1s
 10150K .......... .......... .......... .......... .......... 22% 25.3M 1s
 10200K .......... .......... .......... .......... .......... 22% 55.1M 1s
 10250K .......... .......... .......... .......... .......... 22%  270M 1s
 10300K .......... .......... .......... .......... .......... 22% 35.2M 1s
 10350K .......... .......... .......... .......... .......... 22% 89.5M 1s
 10400K .......... .......... .......... .......... .......... 22% 62.6M 1s
 10450K .......... .......... .......... .......... .......... 22% 49.1M 1s
 10500K .......... .......... .......... .......... .......... 22% 46.5M 1s
 10550K .......... .......... .......... .......... .......... 23% 83.2M 1s
 10600K .......... .......... .......... .......... .......... 23% 42.0M 1s
 10650K .......... .......... .......... .......... .......... 23% 40.4M 1s
 10700K .......... .......... .......... .......... .......... 23%  230M 1s
 10750K .......... .......... .......... .......... .......... 23% 34.6M 1s
 10800K .......... .......... .......... .......... .......... 23% 47.7M 1s
 10850K .......... .......... .......... .......... .......... 23% 35.6M 1s
 10900K .......... .......... .......... .......... .......... 23%  136M 1s
 10950K .......... .......... .......... .......... .......... 23% 42.2M 1s
 11000K .......... .......... .......... .......... .......... 24% 52.1M 1s
 11050K .......... .......... .......... .......... .......... 24% 84.7M 1s
 11100K .......... .......... .......... .......... .......... 24% 42.6M 1s
 11150K .......... .......... .......... .......... .......... 24%  300M 1s
 11200K .......... .......... .......... .......... .......... 24% 41.8M 1s
 11250K .......... .......... .......... .......... .......... 24% 45.4M 1s
 11300K .......... .......... .......... .......... .......... 24%  345M 1s
 11350K .......... .......... .......... .......... .......... 24% 29.2M 1s
 11400K .......... .......... .......... .......... .......... 24% 39.4M 1s
 11450K .......... .......... .......... .......... .......... 25% 23.2M 1s
 11500K .......... .......... .......... .......... .......... 25% 53.6M 1s
 11550K .......... .......... .......... .......... .......... 25%  190M 1s
 11600K .......... .......... .......... .......... .......... 25% 20.0M 1s
 11650K .......... .......... .......... .......... .......... 25% 63.2M 1s
 11700K .......... .......... .......... .......... .......... 25% 80.2M 1s
 11750K .......... .......... .......... .......... .......... 25% 62.9M 1s
 11800K .......... .......... .......... .......... .......... 25% 50.2M 1s
 11850K .......... .......... .......... .......... .......... 25% 74.9M 1s
 11900K .......... .......... .......... .......... .......... 25% 53.2M 1s
 11950K .......... .......... .......... .......... .......... 26% 98.4M 1s
 12000K .......... .......... .......... .......... .......... 26% 50.4M 1s
 12050K .......... .......... .......... .......... .......... 26% 52.7M 1s
 12100K .......... .......... .......... .......... .......... 26%  169M 1s
 12150K .......... .......... .......... .......... .......... 26% 56.2M 1s
 12200K .......... .......... .......... .......... .......... 26% 54.7M 1s
 12250K .......... .......... .......... .......... .......... 26% 89.7M 1s
 12300K .......... .......... .......... .......... .......... 26% 47.9M 1s
 12350K .......... .......... .......... .......... .......... 26% 49.4M 1s
 12400K .......... .......... .......... .......... .......... 27% 74.5M 1s
 12450K .......... .......... .......... .......... .......... 27% 46.7M 1s
 12500K .......... .......... .......... .......... .......... 27% 93.4M 1s
 12550K .......... .......... .......... .......... .......... 27% 52.2M 1s
 12600K .......... .......... .......... .......... .......... 27% 32.9M 1s
 12650K .......... .......... .......... .......... .......... 27% 55.9M 1s
 12700K .......... .......... .......... .......... .......... 27%  343M 1s
 12750K .......... .......... .......... .......... .......... 27% 56.2M 1s
 12800K .......... .......... .......... .......... .......... 27% 41.4M 1s
 12850K .......... .......... .......... .......... .......... 28% 81.0M 1s
 12900K .......... .......... .......... .......... .......... 28% 77.2M 1s
 12950K .......... .......... .......... .......... .......... 28% 49.2M 1s
 13000K .......... .......... .......... .......... .......... 28% 92.4M 1s
 13050K .......... .......... .......... .......... .......... 28% 50.4M 1s
 13100K .......... .......... .......... .......... .......... 28% 58.8M 1s
 13150K .......... .......... .......... .......... .......... 28% 39.2M 1s
 13200K .......... .......... .......... .......... .......... 28% 70.5M 1s
 13250K .......... .......... .......... .......... .......... 28% 46.3M 1s
 13300K .......... .......... .......... .......... .......... 29% 14.9M 1s
 13350K .......... .......... .......... .......... .......... 29% 49.5M 1s
 13400K .......... .......... .......... .......... .......... 29% 48.0M 1s
 13450K .......... .......... .......... .......... .......... 29% 48.5M 1s
 13500K .......... .......... .......... .......... .......... 29% 33.4M 1s
 13550K .......... .......... .......... .......... .......... 29% 25.9M 1s
 13600K .......... .......... .......... .......... .......... 29% 40.5M 1s
 13650K .......... .......... .......... .......... .......... 29% 17.4M 1s
 13700K .......... .......... .......... .......... .......... 29% 36.9M 1s
 13750K .......... .......... .......... .......... .......... 30% 42.2M 1s
 13800K .......... .......... .......... .......... .......... 30% 44.6M 1s
 13850K .......... .......... .......... .......... .......... 30% 21.7M 1s
 13900K .......... .......... .......... .......... .......... 30% 29.9M 1s
 13950K .......... .......... .......... .......... .......... 30% 43.5M 1s
 14000K .......... .......... .......... .......... .......... 30% 39.6M 1s
 14050K .......... .......... .......... .......... .......... 30% 39.3M 1s
 14100K .......... .......... .......... .......... .......... 30% 45.6M 1s
 14150K .......... .......... .......... .......... .......... 30% 45.3M 1s
 14200K .......... .......... .......... .......... .......... 31% 43.2M 1s
 14250K .......... .......... .......... .......... .......... 31% 42.5M 1s
 14300K .......... .......... .......... .......... .......... 31% 32.2M 1s
 14350K .......... .......... .......... .......... .......... 31% 45.3M 1s
 14400K .......... .......... .......... .......... .......... 31% 37.8M 1s
 14450K .......... .......... .......... .......... .......... 31% 34.0M 1s
 14500K .......... .......... .......... .......... .......... 31% 19.1M 1s
 14550K .......... .......... .......... .......... .......... 31% 60.6M 1s
 14600K .......... .......... .......... .......... .......... 31%  199M 1s
 14650K .......... .......... .......... .......... .......... 31%  200M 1s
 14700K .......... .......... .......... .......... .......... 32%  141M 1s
 14750K .......... .......... .......... .......... .......... 32%  195M 1s
 14800K .......... .......... .......... .......... .......... 32%  173M 1s
 14850K .......... .......... .......... .......... .......... 32%  177M 1s
 14900K .......... .......... .......... .......... .......... 32%  139M 1s
 14950K .......... .......... .......... .......... .......... 32%  196M 1s
 15000K .......... .......... .......... .......... .......... 32%  201M 1s
 15050K .......... .......... .......... .......... .......... 32%  189M 1s
 15100K .......... .......... .......... .......... .......... 32%  143M 1s
 15150K .......... .......... .......... .......... .......... 33%  207M 1s
 15200K .......... .......... .......... .......... .......... 33%  211M 1s
 15250K .......... .......... .......... .......... .......... 33%  202M 1s
 15300K .......... .......... .......... .......... .......... 33% 75.8M 1s
 15350K .......... .......... .......... .......... .......... 33% 53.5M 1s
 15400K .......... .......... .......... .......... .......... 33% 45.5M 1s
 15450K .......... .......... .......... .......... .......... 33% 46.3M 1s
 15500K .......... .......... .......... .......... .......... 33% 42.5M 1s
 15550K .......... .......... .......... .......... .......... 33% 48.4M 1s
 15600K .......... .......... .......... .......... .......... 34% 52.8M 1s
 15650K .......... .......... .......... .......... .......... 34% 53.7M 1s
 15700K .......... .......... .......... .......... .......... 34% 48.8M 1s
 15750K .......... .......... .......... .......... .......... 34% 50.7M 1s
 15800K .......... .......... .......... .......... .......... 34% 51.8M 1s
 15850K .......... .......... .......... .......... .......... 34% 51.8M 1s
 15900K .......... .......... .......... .......... .......... 34% 39.6M 1s
 15950K .......... .......... .......... .......... .......... 34% 47.2M 1s
 16000K .......... .......... .......... .......... .......... 34% 55.3M 1s
 16050K .......... .......... .......... .......... .......... 35% 54.5M 1s
 16100K .......... .......... .......... .......... .......... 35% 48.1M 1s
 16150K .......... .......... .......... .......... .......... 35% 56.0M 1s
 16200K .......... .......... .......... .......... .......... 35% 53.2M 1s
 16250K .......... .......... .......... .......... .......... 35% 49.8M 1s
 16300K .......... .......... .......... .......... .......... 35% 42.7M 1s
 16350K .......... .......... .......... .......... .......... 35% 54.8M 1s
 16400K .......... .......... .......... .......... .......... 35% 54.9M 1s
 16450K .......... .......... .......... .......... .......... 35% 59.2M 1s
 16500K .......... .......... .......... .......... .......... 36% 94.5M 1s
 16550K .......... .......... .......... .......... .......... 36%  211M 1s
 16600K .......... .......... .......... .......... .......... 36%  181M 1s
 16650K .......... .......... .......... .......... .......... 36% 54.5M 1s
 16700K .......... .......... .......... .......... .......... 36% 39.0M 1s
 16750K .......... .......... .......... .......... .......... 36% 45.8M 1s
 16800K .......... .......... .......... .......... .......... 36% 55.1M 1s
 16850K .......... .......... .......... .......... .......... 36% 51.5M 1s
 16900K .......... .......... .......... .......... .......... 36% 94.8M 1s
 16950K .......... .......... .......... .......... .......... 36%  186M 1s
 17000K .......... .......... .......... .......... .......... 37%  107M 1s
 17050K .......... .......... .......... .......... .......... 37% 55.4M 1s
 17100K .......... .......... .......... .......... .......... 37% 43.2M 1s
 17150K .......... .......... .......... .......... .......... 37% 52.7M 1s
 17200K .......... .......... .......... .......... .......... 37% 54.5M 1s
 17250K .......... .......... .......... .......... .......... 37% 63.8M 1s
 17300K .......... .......... .......... .......... .......... 37% 71.5M 1s
 17350K .......... .......... .......... .......... .......... 37% 51.5M 1s
 17400K .......... .......... .......... .......... .......... 37%  111M 1s
 17450K .......... .......... .......... .......... .......... 38% 63.2M 1s
 17500K .......... .......... .......... .......... .......... 38% 45.0M 1s
 17550K .......... .......... .......... .......... .......... 38% 49.5M 1s
 17600K .......... .......... .......... .......... .......... 38% 49.8M 1s
 17650K .......... .......... .......... .......... .......... 38% 72.4M 1s
 17700K .......... .......... .......... .......... .......... 38% 33.1M 1s
 17750K .......... .......... .......... .......... .......... 38% 38.5M 1s
 17800K .......... .......... .......... .......... .......... 38%  143M 1s
 17850K .......... .......... .......... .......... .......... 38%  136M 1s
 17900K .......... .......... .......... .......... .......... 39%  115M 1s
 17950K .......... .......... .......... .......... .......... 39%  137M 1s
 18000K .......... .......... .......... .......... .......... 39%  167M 1s
 18050K .......... .......... .......... .......... .......... 39%  133M 1s
 18100K .......... .......... .......... .......... .......... 39%  215M 1s
 18150K .......... .......... .......... .......... .......... 39%  204M 1s
 18200K .......... .......... .......... .......... .......... 39%  178M 1s
 18250K .......... .......... .......... .......... .......... 39%  223M 1s
 18300K .......... .......... .......... .......... .......... 39%  153M 1s
 18350K .......... .......... .......... .......... .......... 40%  194M 1s
 18400K .......... .......... .......... .......... .......... 40%  180M 1s
 18450K .......... .......... .......... .......... .......... 40% 40.8M 1s
 18500K .......... .......... .......... .......... .......... 40% 65.6M 1s
 18550K .......... .......... .......... .......... .......... 40% 37.5M 1s
 18600K .......... .......... .......... .......... .......... 40% 70.4M 1s
 18650K .......... .......... .......... .......... .......... 40% 40.9M 1s
 18700K .......... .......... .......... .......... .......... 40% 44.5M 1s
 18750K .......... .......... .......... .......... .......... 40% 52.6M 1s
 18800K .......... .......... .......... .......... .......... 41% 45.3M 1s
 18850K .......... .......... .......... .......... .......... 41% 62.9M 1s
 18900K .......... .......... .......... .......... .......... 41% 57.5M 1s
 18950K .......... .......... .......... .......... .......... 41% 47.4M 1s
 19000K .......... .......... .......... .......... .......... 41% 32.9M 1s
 19050K .......... .......... .......... .......... .......... 41% 33.0M 1s
 19100K .......... .......... .......... .......... .......... 41% 30.9M 1s
 19150K .......... .......... .......... .......... .......... 41% 86.3M 1s
 19200K .......... .......... .......... .......... .......... 41% 36.5M 1s
 19250K .......... .......... .......... .......... .......... 41% 47.0M 1s
 19300K .......... .......... .......... .......... .......... 42% 31.3M 1s
 19350K .......... .......... .......... .......... .......... 42%  118M 1s
 19400K .......... .......... .......... .......... .......... 42% 82.4M 1s
 19450K .......... .......... .......... .......... .......... 42% 44.0M 1s
 19500K .......... .......... .......... .......... .......... 42% 34.5M 1s
 19550K .......... .......... .......... .......... .......... 42% 30.7M 1s
 19600K .......... .......... .......... .......... .......... 42%  190M 1s
 19650K .......... .......... .......... .......... .......... 42%  179M 1s
 19700K .......... .......... .......... .......... .......... 42%  104M 1s
 19750K .......... .......... .......... .......... .......... 43% 48.1M 1s
 19800K .......... .......... .......... .......... .......... 43% 49.9M 1s
 19850K .......... .......... .......... .......... .......... 43% 50.6M 1s
 19900K .......... .......... .......... .......... .......... 43% 39.6M 1s
 19950K .......... .......... .......... .......... .......... 43% 59.4M 1s
 20000K .......... .......... .......... .......... .......... 43%  198M 1s
 20050K .......... .......... .......... .......... .......... 43% 83.3M 1s
 20100K .......... .......... .......... .......... .......... 43%  200M 1s
 20150K .......... .......... .......... .......... .......... 43%  192M 1s
 20200K .......... .......... .......... .......... .......... 44% 71.5M 1s
 20250K .......... .......... .......... .......... .......... 44%  208M 1s
 20300K .......... .......... .......... .......... .......... 44% 52.4M 1s
 20350K .......... .......... .......... .......... .......... 44%  184M 1s
 20400K .......... .......... .......... .......... .......... 44% 87.1M 1s
 20450K .......... .......... .......... .......... .......... 44%  146M 1s
 20500K .......... .......... .......... .......... .......... 44% 84.3M 1s
 20550K .......... .......... .......... .......... .......... 44% 56.0M 1s
 20600K .......... .......... .......... .......... .......... 44% 36.9M 1s
 20650K .......... .......... .......... .......... .......... 45% 25.9M 1s
 20700K .......... .......... .......... .......... .......... 45%  206M 1s
 20750K .......... .......... .......... .......... .......... 45%  216M 1s
 20800K .......... .......... .......... .......... .......... 45%  118M 1s
 20850K .......... .......... .......... .......... .......... 45% 46.7M 1s
 20900K .......... .......... .......... .......... .......... 45% 24.3M 1s
 20950K .......... .......... .......... .......... .......... 45% 48.4M 1s
 21000K .......... .......... .......... .......... .......... 45% 48.3M 1s
 21050K .......... .......... .......... .......... .......... 45% 17.6M 1s
 21100K .......... .......... .......... .......... .......... 46% 44.8M 1s
 21150K .......... .......... .......... .......... .......... 46% 47.2M 1s
 21200K .......... .......... .......... .......... .......... 46% 31.5M 1s
 21250K .......... .......... .......... .......... .......... 46% 32.2M 1s
 21300K .......... .......... .......... .......... .......... 46% 15.5M 1s
 21350K .......... .......... .......... .......... .......... 46% 50.4M 1s
 21400K .......... .......... .......... .......... .......... 46% 48.9M 1s
 21450K .......... .......... .......... .......... .......... 46% 50.7M 1s
 21500K .......... .......... .......... .......... .......... 46% 23.9M 1s
 21550K .......... .......... .......... .......... .......... 46%  211M 1s
 21600K .......... .......... .......... .......... .......... 47%  120M 1s
 21650K .......... .......... .......... .......... .......... 47%  215M 1s
 21700K .......... .......... .......... .......... .......... 47% 34.8M 1s
 21750K .......... .......... .......... .......... .......... 47% 28.7M 1s
 21800K .......... .......... .......... .......... .......... 47% 35.3M 1s
 21850K .......... .......... .......... .......... .......... 47% 50.2M 1s
 21900K .......... .......... .......... .......... .......... 47% 49.6M 1s
 21950K .......... .......... .......... .......... .......... 47% 50.1M 1s
 22000K .......... .......... .......... .......... .......... 47% 41.8M 1s
 22050K .......... .......... .......... .......... .......... 48% 64.4M 1s
 22100K .......... .......... .......... .......... .......... 48% 59.9M 1s
 22150K .......... .......... .......... .......... .......... 48% 41.6M 1s
 22200K .......... .......... .......... .......... .......... 48% 26.6M 1s
 22250K .......... .......... .......... .......... .......... 48% 62.7M 1s
 22300K .......... .......... .......... .......... .......... 48%  220M 0s
 22350K .......... .......... .......... .......... .......... 48% 43.1M 0s
 22400K .......... .......... .......... .......... .......... 48% 54.3M 0s
 22450K .......... .......... .......... .......... .......... 48%  221M 0s
 22500K .......... .......... .......... .......... .......... 49% 68.1M 0s
 22550K .......... .......... .......... .......... .......... 49%  225M 0s
 22600K .......... .......... .......... .......... .......... 49% 47.7M 0s
 22650K .......... .......... .......... .......... .......... 49% 18.1M 0s
 22700K .......... .......... .......... .......... .......... 49% 33.8M 0s
 22750K .......... .......... .......... .......... .......... 49% 51.7M 0s
 22800K .......... .......... .......... .......... .......... 49%  101M 0s
 22850K .......... .......... .......... .......... .......... 49% 55.6M 0s
 22900K .......... .......... .......... .......... .......... 49% 49.4M 0s
 22950K .......... .......... .......... .......... .......... 50% 45.2M 0s
 23000K .......... .......... .......... .......... .......... 50% 46.8M 0s
 23050K .......... .......... .......... .......... .......... 50% 41.9M 0s
 23100K .......... .......... .......... .......... .......... 50% 59.7M 0s
 23150K .......... .......... .......... .......... .......... 50% 40.8M 0s
 23200K .......... .......... .......... .......... .......... 50% 37.4M 0s
 23250K .......... .......... .......... .......... .......... 50% 28.7M 0s
 23300K .......... .......... .......... .......... .......... 50%  182M 0s
 23350K .......... .......... .......... .......... .......... 50% 55.5M 0s
 23400K .......... .......... .......... .......... .......... 51% 29.5M 0s
 23450K .......... .......... .......... .......... .......... 51% 50.3M 0s
 23500K .......... .......... .......... .......... .......... 51% 22.4M 0s
 23550K .......... .......... .......... .......... .......... 51%  221M 0s
 23600K .......... .......... .......... .......... .......... 51% 76.0M 0s
 23650K .......... .......... .......... .......... .......... 51% 52.7M 0s
 23700K .......... .......... .......... .......... .......... 51%  110M 0s
 23750K .......... .......... .......... .......... .......... 51% 45.2M 0s
 23800K .......... .......... .......... .......... .......... 51% 27.5M 0s
 23850K .......... .......... .......... .......... .......... 51% 69.3M 0s
 23900K .......... .......... .......... .......... .......... 52% 43.5M 0s
 23950K .......... .......... .......... .......... .......... 52%  196M 0s
 24000K .......... .......... .......... .......... .......... 52% 44.7M 0s
 24050K .......... .......... .......... .......... .......... 52% 64.1M 0s
 24100K .......... .......... .......... .......... .......... 52% 36.2M 0s
 24150K .......... .......... .......... .......... .......... 52% 49.2M 0s
 24200K .......... .......... .......... .......... .......... 52% 44.4M 0s
 24250K .......... .......... .......... .......... .......... 52% 47.3M 0s
 24300K .......... .......... .......... .......... .......... 52% 75.9M 0s
 24350K .......... .......... .......... .......... .......... 53% 24.9M 0s
 24400K .......... .......... .......... .......... .......... 53% 48.6M 0s
 24450K .......... .......... .......... .......... .......... 53%  117M 0s
 24500K .......... .......... .......... .......... .......... 53% 27.0M 0s
 24550K .......... .......... .......... .......... .......... 53% 80.0M 0s
 24600K .......... .......... .......... .......... .......... 53% 64.0M 0s
 24650K .......... .......... .......... .......... .......... 53% 44.1M 0s
 24700K .......... .......... .......... .......... .......... 53% 52.0M 0s
 24750K .......... .......... .......... .......... .......... 53% 19.9M 0s
 24800K .......... .......... .......... .......... .......... 54% 42.1M 0s
 24850K .......... .......... .......... .......... .......... 54% 52.5M 0s
 24900K .......... .......... .......... .......... .......... 54% 52.2M 0s
 24950K .......... .......... .......... .......... .......... 54% 39.2M 0s
 25000K .......... .......... .......... .......... .......... 54% 39.2M 0s
 25050K .......... .......... .......... .......... .......... 54% 49.0M 0s
 25100K .......... .......... .......... .......... .......... 54% 43.0M 0s
 25150K .......... .......... .......... .......... .......... 54% 35.3M 0s
 25200K .......... .......... .......... .......... .......... 54% 53.8M 0s
 25250K .......... .......... .......... .......... .......... 55% 53.9M 0s
 25300K .......... .......... .......... .......... .......... 55% 43.7M 0s
 25350K .......... .......... .......... .......... .......... 55% 48.2M 0s
 25400K .......... .......... .......... .......... .......... 55% 54.6M 0s
 25450K .......... .......... .......... .......... .......... 55% 67.2M 0s
 25500K .......... .......... .......... .......... .......... 55% 44.3M 0s
 25550K .......... .......... .......... .......... .......... 55% 49.6M 0s
 25600K .......... .......... .......... .......... .......... 55% 34.1M 0s
 25650K .......... .......... .......... .......... .......... 55% 58.2M 0s
 25700K .......... .......... .......... .......... .......... 56%  210M 0s
 25750K .......... .......... .......... .......... .......... 56% 67.1M 0s
 25800K .......... .......... .......... .......... .......... 56% 38.0M 0s
 25850K .......... .......... .......... .......... .......... 56% 55.5M 0s
 25900K .......... .......... .......... .......... .......... 56% 83.6M 0s
 25950K .......... .......... .......... .......... .......... 56% 19.0M 0s
 26000K .......... .......... .......... .......... .......... 56% 34.2M 0s
 26050K .......... .......... .......... .......... .......... 56% 47.3M 0s
 26100K .......... .......... .......... .......... .......... 56%  218M 0s
 26150K .......... .......... .......... .......... .......... 57% 26.7M 0s
 26200K .......... .......... .......... .......... .......... 57% 36.9M 0s
 26250K .......... .......... .......... .......... .......... 57% 25.9M 0s
 26300K .......... .......... .......... .......... .......... 57% 48.7M 0s
 26350K .......... .......... .......... .......... .......... 57% 57.8M 0s
 26400K .......... .......... .......... .......... .......... 57%  173M 0s
 26450K .......... .......... .......... .......... .......... 57% 66.8M 0s
 26500K .......... .......... .......... .......... .......... 57% 43.1M 0s
 26550K .......... .......... .......... .......... .......... 57% 44.5M 0s
 26600K .......... .......... .......... .......... .......... 57% 39.1M 0s
 26650K .......... .......... .......... .......... .......... 58% 78.9M 0s
 26700K .......... .......... .......... .......... .......... 58% 52.4M 0s
 26750K .......... .......... .......... .......... .......... 58% 45.2M 0s
 26800K .......... .......... .......... .......... .......... 58% 46.6M 0s
 26850K .......... .......... .......... .......... .......... 58% 32.3M 0s
 26900K .......... .......... .......... .......... .......... 58% 83.1M 0s
 26950K .......... .......... .......... .......... .......... 58% 36.4M 0s
 27000K .......... .......... .......... .......... .......... 58% 33.4M 0s
 27050K .......... .......... .......... .......... .......... 58% 49.6M 0s
 27100K .......... .......... .......... .......... .......... 59% 52.3M 0s
 27150K .......... .......... .......... .......... .......... 59% 38.2M 0s
 27200K .......... .......... .......... .......... .......... 59% 46.3M 0s
 27250K .......... .......... .......... .......... .......... 59% 26.9M 0s
 27300K .......... .......... .......... .......... .......... 59%  219M 0s
 27350K .......... .......... .......... .......... .......... 59% 81.8M 0s
 27400K .......... .......... .......... .......... .......... 59% 31.7M 0s
 27450K .......... .......... .......... .......... .......... 59% 37.1M 0s
 27500K .......... .......... .......... .......... .......... 59% 52.0M 0s
 27550K .......... .......... .......... .......... .......... 60% 44.0M 0s
 27600K .......... .......... .......... .......... .......... 60% 52.5M 0s
 27650K .......... .......... .......... .......... .......... 60% 54.5M 0s
 27700K .......... .......... .......... .......... .......... 60% 51.2M 0s
 27750K .......... .......... .......... .......... .......... 60% 45.3M 0s
 27800K .......... .......... .......... .......... .......... 60% 43.9M 0s
 27850K .......... .......... .......... .......... .......... 60% 39.8M 0s
 27900K .......... .......... .......... .......... .......... 60% 20.5M 0s
 27950K .......... .......... .......... .......... .......... 60% 25.1M 0s
 28000K .......... .......... .......... .......... .......... 61%  116M 0s
 28050K .......... .......... .......... .......... .......... 61%  164M 0s
 28100K .......... .......... .......... .......... .......... 61% 17.4M 0s
 28150K .......... .......... .......... .......... .......... 61% 60.4M 0s
 28200K .......... .......... .......... .......... .......... 61% 39.7M 0s
 28250K .......... .......... .......... .......... .......... 61% 49.2M 0s
 28300K .......... .......... .......... .......... .......... 61% 44.0M 0s
 28350K .......... .......... .......... .......... .......... 61% 76.0M 0s
 28400K .......... .......... .......... .......... .......... 61% 39.0M 0s
 28450K .......... .......... .......... .......... .......... 62% 47.7M 0s
 28500K .......... .......... .......... .......... .......... 62% 46.6M 0s
 28550K .......... .......... .......... .......... .......... 62% 48.2M 0s
 28600K .......... .......... .......... .......... .......... 62% 58.8M 0s
 28650K .......... .......... .......... .......... .......... 62% 35.7M 0s
 28700K .......... .......... .......... .......... .......... 62% 44.6M 0s
 28750K .......... .......... .......... .......... .......... 62% 75.4M 0s
 28800K .......... .......... .......... .......... .......... 62% 47.2M 0s
 28850K .......... .......... .......... .......... .......... 62% 33.7M 0s
 28900K .......... .......... .......... .......... .......... 62% 49.5M 0s
 28950K .......... .......... .......... .......... .......... 63% 64.8M 0s
 29000K .......... .......... .......... .......... .......... 63% 47.8M 0s
 29050K .......... .......... .......... .......... .......... 63% 32.9M 0s
 29100K .......... .......... .......... .......... .......... 63% 39.1M 0s
 29150K .......... .......... .......... .......... .......... 63% 44.7M 0s
 29200K .......... .......... .......... .......... .......... 63% 50.8M 0s
 29250K .......... .......... .......... .......... .......... 63% 44.8M 0s
 29300K .......... .......... .......... .......... .......... 63% 41.7M 0s
 29350K .......... .......... .......... .......... .......... 63% 69.5M 0s
 29400K .......... .......... .......... .......... .......... 64% 36.6M 0s
 29450K .......... .......... .......... .......... .......... 64% 46.7M 0s
 29500K .......... .......... .......... .......... .......... 64% 59.7M 0s
 29550K .......... .......... .......... .......... .......... 64% 43.5M 0s
 29600K .......... .......... .......... .......... .......... 64% 48.5M 0s
 29650K .......... .......... .......... .......... .......... 64% 69.7M 0s
 29700K .......... .......... .......... .......... .......... 64% 48.9M 0s
 29750K .......... .......... .......... .......... .......... 64% 42.8M 0s
 29800K .......... .......... .......... .......... .......... 64% 37.0M 0s
 29850K .......... .......... .......... .......... .......... 65% 49.5M 0s
 29900K .......... .......... .......... .......... .......... 65%  261K 0s
 29950K .......... .......... .......... .......... .......... 65% 23.2M 0s
 30000K .......... .......... .......... .......... .......... 65% 78.4M 0s
 30050K .......... .......... .......... .......... .......... 65%  178M 0s
 30100K .......... .......... .......... .......... .......... 65% 91.5M 0s
 30150K .......... .......... .......... .......... .......... 65%  172M 0s
 30200K .......... .......... .......... .......... .......... 65%  150M 0s
 30250K .......... .......... .......... .......... .......... 65%  175M 0s
 30300K .......... .......... .......... .......... .......... 66%  133M 0s
 30350K .......... .......... .......... .......... .......... 66%  179M 0s
 30400K .......... .......... .......... .......... .......... 66%  168M 0s
 30450K .......... .......... .......... .......... .......... 66%  182M 0s
 30500K .......... .......... .......... .......... .......... 66%  211M 0s
 30550K .......... .......... .......... .......... .......... 66%  203M 0s
 30600K .......... .......... .......... .......... .......... 66%  179M 0s
 30650K .......... .......... .......... .......... .......... 66%  139M 0s
 30700K .......... .......... .......... .......... .......... 66%  109M 0s
 30750K .......... .......... .......... .......... .......... 67% 43.9M 0s
 30800K .......... .......... .......... .......... .......... 67%  158M 0s
 30850K .......... .......... .......... .......... .......... 67%  183M 0s
 30900K .......... .......... .......... .......... .......... 67%  194M 0s
 30950K .......... .......... .......... .......... .......... 67%  186M 0s
 31000K .......... .......... .......... .......... .......... 67%  184M 0s
 31050K .......... .......... .......... .......... .......... 67%  202M 0s
 31100K .......... .......... .......... .......... .......... 67%  178M 0s
 31150K .......... .......... .......... .......... .......... 67%  130M 0s
 31200K .......... .......... .......... .......... .......... 67%  204M 0s
 31250K .......... .......... .......... .......... .......... 68% 48.5M 0s
 31300K .......... .......... .......... .......... .......... 68% 61.1M 0s
 31350K .......... .......... .......... .......... .......... 68%  131M 0s
 31400K .......... .......... .......... .......... .......... 68% 56.6M 0s
 31450K .......... .......... .......... .......... .......... 68% 61.6M 0s
 31500K .......... .......... .......... .......... .......... 68% 48.3M 0s
 31550K .......... .......... .......... .......... .......... 68% 27.5M 0s
 31600K .......... .......... .......... .......... .......... 68% 53.8M 0s
 31650K .......... .......... .......... .......... .......... 68% 20.8M 0s
 31700K .......... .......... .......... .......... .......... 69% 52.1M 0s
 31750K .......... .......... .......... .......... .......... 69% 21.9M 0s
 31800K .......... .......... .......... .......... .......... 69%  192M 0s
 31850K .......... .......... .......... .......... .......... 69%  201M 0s
 31900K .......... .......... .......... .......... .......... 69%  187M 0s
 31950K .......... .......... .......... .......... .......... 69% 60.6M 0s
 32000K .......... .......... .......... .......... .......... 69% 23.0M 0s
 32050K .......... .......... .......... .......... .......... 69%  212M 0s
 32100K .......... .......... .......... .......... .......... 69% 62.4M 0s
 32150K .......... .......... .......... .......... .......... 70% 57.6M 0s
 32200K .......... .......... .......... .......... .......... 70%  208M 0s
 32250K .......... .......... .......... .......... .......... 70% 20.3M 0s
 32300K .......... .......... .......... .......... .......... 70% 70.6M 0s
 32350K .......... .......... .......... .......... .......... 70% 71.6M 0s
 32400K .......... .......... .......... .......... .......... 70% 47.7M 0s
 32450K .......... .......... .......... .......... .......... 70% 44.1M 0s
 32500K .......... .......... .......... .......... .......... 70% 15.7M 0s
 32550K .......... .......... .......... .......... .......... 70%  131M 0s
 32600K .......... .......... .......... .......... .......... 71%  140M 0s
 32650K .......... .......... .......... .......... .......... 71%  181M 0s
 32700K .......... .......... .......... .......... .......... 71%  182M 0s
 32750K .......... .......... .......... .......... .......... 71%  195M 0s
 32800K .......... .......... .......... .......... .......... 71%  177M 0s
 32850K .......... .......... .......... .......... .......... 71%  196M 0s
 32900K .......... .......... .......... .......... .......... 71%  172M 0s
 32950K .......... .......... .......... .......... .......... 71%  130M 0s
 33000K .......... .......... .......... .......... .......... 71%  191M 0s
 33050K .......... .......... .......... .......... .......... 72%  181M 0s
 33100K .......... .......... .......... .......... .......... 72%  203M 0s
 33150K .......... .......... .......... .......... .......... 72%  162M 0s
 33200K .......... .......... .......... .......... .......... 72%  189M 0s
 33250K .......... .......... .......... .......... .......... 72%  173M 0s
 33300K .......... .......... .......... .......... .......... 72%  209M 0s
 33350K .......... .......... .......... .......... .......... 72%  116M 0s
 33400K .......... .......... .......... .......... .......... 72%  190M 0s
 33450K .......... .......... .......... .......... .......... 72%  190M 0s
 33500K .......... .......... .......... .......... .......... 72%  170M 0s
 33550K .......... .......... .......... .......... .......... 73%  180M 0s
 33600K .......... .......... .......... .......... .......... 73%  171M 0s
 33650K .......... .......... .......... .......... .......... 73%  189M 0s
 33700K .......... .......... .......... .......... .......... 73%  177M 0s
 33750K .......... .......... .......... .......... .......... 73%  111M 0s
 33800K .......... .......... .......... .......... .......... 73%  210M 0s
 33850K .......... .......... .......... .......... .......... 73%  179M 0s
 33900K .......... .......... .......... .......... .......... 73%  181M 0s
 33950K .......... .......... .......... .......... .......... 73%  182M 0s
 34000K .......... .......... .......... .......... .......... 74%  196M 0s
 34050K .......... .......... .......... .......... .......... 74%  169M 0s
 34100K .......... .......... .......... .......... .......... 74%  174M 0s
 34150K .......... .......... .......... .......... .......... 74%  137M 0s
 34200K .......... .......... .......... .......... .......... 74%  173M 0s
 34250K .......... .......... .......... .......... .......... 74% 11.2M 0s
 34300K .......... .......... .......... .......... .......... 74% 23.4M 0s
 34350K .......... .......... .......... .......... .......... 74% 29.3M 0s
 34400K .......... .......... .......... .......... .......... 74% 42.9M 0s
 34450K .......... .......... .......... .......... .......... 75% 47.2M 0s
 34500K .......... .......... .......... .......... .......... 75% 21.4M 0s
 34550K .......... .......... .......... .......... .......... 75%  170M 0s
 34600K .......... .......... .......... .......... .......... 75%  172M 0s
 34650K .......... .......... .......... .......... .......... 75%  152M 0s
 34700K .......... .......... .......... .......... .......... 75%  210M 0s
 34750K .......... .......... .......... .......... .......... 75%  132M 0s
 34800K .......... .......... .......... .......... .......... 75%  184M 0s
 34850K .......... .......... .......... .......... .......... 75%  206M 0s
 34900K .......... .......... .......... .......... .......... 76%  179M 0s
 34950K .......... .......... .......... .......... .......... 76%  159M 0s
 35000K .......... .......... .......... .......... .......... 76%  205M 0s
 35050K .......... .......... .......... .......... .......... 76%  219M 0s
 35100K .......... .......... .......... .......... .......... 76%  193M 0s
 35150K .......... .......... .......... .......... .......... 76%  150M 0s
 35200K .......... .......... .......... .......... .......... 76%  195M 0s
 35250K .......... .......... .......... .......... .......... 76%  206M 0s
 35300K .......... .......... .......... .......... .......... 76% 9.12M 0s
 35350K .......... .......... .......... .......... .......... 77%  110M 0s
 35400K .......... .......... .......... .......... .......... 77% 59.5M 0s
 35450K .......... .......... .......... .......... .......... 77% 36.0M 0s
 35500K .......... .......... .......... .......... .......... 77% 23.3M 0s
 35550K .......... .......... .......... .......... .......... 77% 32.8M 0s
 35600K .......... .......... .......... .......... .......... 77% 55.7M 0s
 35650K .......... .......... .......... .......... .......... 77% 23.3M 0s
 35700K .......... .......... .......... .......... .......... 77% 24.3M 0s
 35750K .......... .......... .......... .......... .......... 77% 26.1M 0s
 35800K .......... .......... .......... .......... .......... 77% 6.12M 0s
 35850K .......... .......... .......... .......... .......... 78% 24.2M 0s
 35900K .......... .......... .......... .......... .......... 78% 20.9M 0s
 35950K .......... .......... .......... .......... .......... 78% 30.8M 0s
 36000K .......... .......... .......... .......... .......... 78% 12.3M 0s
 36050K .......... .......... .......... .......... .......... 78% 23.5M 0s
 36100K .......... .......... .......... .......... .......... 78% 23.1M 0s
 36150K .......... .......... .......... .......... .......... 78% 16.0M 0s
 36200K .......... .......... .......... .......... .......... 78% 12.7M 0s
 36250K .......... .......... .......... .......... .......... 78%  112M 0s
 36300K .......... .......... .......... .......... .......... 79% 81.9M 0s
 36350K .......... .......... .......... .......... .......... 79%  124M 0s
 36400K .......... .......... .......... .......... .......... 79% 41.8M 0s
 36450K .......... .......... .......... .......... .......... 79% 17.7M 0s
 36500K .......... .......... .......... .......... .......... 79% 40.9M 0s
 36550K .......... .......... .......... .......... .......... 79% 31.5M 0s
 36600K .......... .......... .......... .......... .......... 79% 10.8M 0s
 36650K .......... .......... .......... .......... .......... 79% 26.1M 0s
 36700K .......... .......... .......... .......... .......... 79% 50.5M 0s
 36750K .......... .......... .......... .......... .......... 80% 40.1M 0s
 36800K .......... .......... .......... .......... .......... 80% 51.5M 0s
 36850K .......... .......... .......... .......... .......... 80% 52.0M 0s
 36900K .......... .......... .......... .......... .......... 80% 52.7M 0s
 36950K .......... .......... .......... .......... .......... 80% 54.7M 0s
 37000K .......... .......... .......... .......... .......... 80% 53.7M 0s
 37050K .......... .......... .......... .......... .......... 80% 52.9M 0s
 37100K .......... .......... .......... .......... .......... 80% 50.9M 0s
 37150K .......... .......... .......... .......... .......... 80% 41.7M 0s
 37200K .......... .......... .......... .......... .......... 81% 52.7M 0s
 37250K .......... .......... .......... .......... .......... 81% 50.8M 0s
 37300K .......... .......... .......... .......... .......... 81% 51.1M 0s
 37350K .......... .......... .......... .......... .......... 81% 71.2M 0s
 37400K .......... .......... .......... .......... .......... 81% 69.9M 0s
 37450K .......... .......... .......... .......... .......... 81% 51.1M 0s
 37500K .......... .......... .......... .......... .......... 81%  108M 0s
 37550K .......... .......... .......... .......... .......... 81%  139M 0s
 37600K .......... .......... .......... .......... .......... 81%  182M 0s
 37650K .......... .......... .......... .......... .......... 82%  151M 0s
 37700K .......... .......... .......... .......... .......... 82%  177M 0s
 37750K .......... .......... .......... .......... .......... 82%  191M 0s
 37800K .......... .......... .......... .......... .......... 82%  196M 0s
 37850K .......... .......... .......... .......... .......... 82%  189M 0s
 37900K .......... .......... .......... .......... .......... 82%  180M 0s
 37950K .......... .......... .......... .......... .......... 82%  147M 0s
 38000K .......... .......... .......... .......... .......... 82%  188M 0s
 38050K .......... .......... .......... .......... .......... 82% 99.7M 0s
 38100K .......... .......... .......... .......... .......... 83% 49.9M 0s
 38150K .......... .......... .......... .......... .......... 83% 54.5M 0s
 38200K .......... .......... .......... .......... .......... 83% 48.7M 0s
 38250K .......... .......... .......... .......... .......... 83% 54.4M 0s
 38300K .......... .......... .......... .......... .......... 83% 57.0M 0s
 38350K .......... .......... .......... .......... .......... 83% 40.9M 0s
 38400K .......... .......... .......... .......... .......... 83% 52.0M 0s
 38450K .......... .......... .......... .......... .......... 83% 56.9M 0s
 38500K .......... .......... .......... .......... .......... 83% 53.7M 0s
 38550K .......... .......... .......... .......... .......... 83% 56.2M 0s
 38600K .......... .......... .......... .......... .......... 84% 55.1M 0s
 38650K .......... .......... .......... .......... .......... 84% 55.1M 0s
 38700K .......... .......... .......... .......... .......... 84% 54.1M 0s
 38750K .......... .......... .......... .......... .......... 84% 19.2M 0s
 38800K .......... .......... .......... .......... .......... 84% 36.5M 0s
 38850K .......... .......... .......... .......... .......... 84% 44.7M 0s
 38900K .......... .......... .......... .......... .......... 84% 39.3M 0s
 38950K .......... .......... .......... .......... .......... 84% 29.3M 0s
 39000K .......... .......... .......... .......... .......... 84%  197M 0s
 39050K .......... .......... .......... .......... .......... 85%  156M 0s
 39100K .......... .......... .......... .......... .......... 85%  194M 0s
 39150K .......... .......... .......... .......... .......... 85%  146M 0s
 39200K .......... .......... .......... .......... .......... 85%  218M 0s
 39250K .......... .......... .......... .......... .......... 85%  195M 0s
 39300K .......... .......... .......... .......... .......... 85%  205M 0s
 39350K .......... .......... .......... .......... .......... 85%  216M 0s
 39400K .......... .......... .......... .......... .......... 85%  199M 0s
 39450K .......... .......... .......... .......... .......... 85%  203M 0s
 39500K .......... .......... .......... .......... .......... 86%  200M 0s
 39550K .......... .......... .......... .......... .......... 86%  161M 0s
 39600K .......... .......... .......... .......... .......... 86%  212M 0s
 39650K .......... .......... .......... .......... .......... 86%  203M 0s
 39700K .......... .......... .......... .......... .......... 86%  187M 0s
 39750K .......... .......... .......... .......... .......... 86% 16.8M 0s
 39800K .......... .......... .......... .......... .......... 86% 41.8M 0s
 39850K .......... .......... .......... .......... .......... 86%  174M 0s
 39900K .......... .......... .......... .......... .......... 86%  103M 0s
 39950K .......... .......... .......... .......... .......... 87% 13.8M 0s
 40000K .......... .......... .......... .......... .......... 87% 26.1M 0s
 40050K .......... .......... .......... .......... .......... 87% 11.3M 0s
 40100K .......... .......... .......... .......... .......... 87%  145M 0s
 40150K .......... .......... .......... .......... .......... 87%  211M 0s
 40200K .......... .......... .......... .......... .......... 87%  221M 0s
 40250K .......... .......... .......... .......... .......... 87% 98.9M 0s
 40300K .......... .......... .......... .......... .......... 87% 47.6M 0s
 40350K .......... .......... .......... .......... .......... 87%  152M 0s
 40400K .......... .......... .......... .......... .......... 88% 30.3M 0s
 40450K .......... .......... .......... .......... .......... 88% 20.3M 0s
 40500K .......... .......... .......... .......... .......... 88%  185M 0s
 40550K .......... .......... .......... .......... .......... 88%  176M 0s
 40600K .......... .......... .......... .......... .......... 88% 51.9M 0s
 40650K .......... .......... .......... .......... .......... 88% 49.6M 0s
 40700K .......... .......... .......... .......... .......... 88% 55.6M 0s
 40750K .......... .......... .......... .......... .......... 88% 50.7M 0s
 40800K .......... .......... .......... .......... .......... 88% 54.1M 0s
 40850K .......... .......... .......... .......... .......... 88% 75.0M 0s
 40900K .......... .......... .......... .......... .......... 89%  203M 0s
 40950K .......... .......... .......... .......... .......... 89%  202M 0s
 41000K .......... .......... .......... .......... .......... 89%  126M 0s
 41050K .......... .......... .......... .......... .......... 89% 57.1M 0s
 41100K .......... .......... .......... .......... .......... 89% 54.6M 0s
 41150K .......... .......... .......... .......... .......... 89% 48.9M 0s
 41200K .......... .......... .......... .......... .......... 89% 55.9M 0s
 41250K .......... .......... .......... .......... .......... 89% 55.6M 0s
 41300K .......... .......... .......... .......... .......... 89% 54.6M 0s
 41350K .......... .......... .......... .......... .......... 90% 53.5M 0s
 41400K .......... .......... .......... .......... .......... 90%  156M 0s
 41450K .......... .......... .......... .......... .......... 90%  168M 0s
 41500K .......... .......... .......... .......... .......... 90% 48.9M 0s
 41550K .......... .......... .......... .......... .......... 90% 48.2M 0s
 41600K .......... .......... .......... .......... .......... 90% 53.4M 0s
 41650K .......... .......... .......... .......... .......... 90% 55.3M 0s
 41700K .......... .......... .......... .......... .......... 90% 54.3M 0s
 41750K .......... .......... .......... .......... .......... 90% 50.8M 0s
 41800K .......... .......... .......... .......... .......... 91% 67.0M 0s
 41850K .......... .......... .......... .......... .......... 91%  205M 0s
 41900K .......... .......... .......... .......... .......... 91%  166M 0s
 41950K .......... .......... .......... .......... .......... 91% 70.4M 0s
 42000K .......... .......... .......... .......... .......... 91% 53.2M 0s
 42050K .......... .......... .......... .......... .......... 91% 45.5M 0s
 42100K .......... .......... .......... .......... .......... 91% 51.6M 0s
 42150K .......... .......... .......... .......... .......... 91% 49.8M 0s
 42200K .......... .......... .......... .......... .......... 91% 41.9M 0s
 42250K .......... .......... .......... .......... .......... 92% 69.7M 0s
 42300K .......... .......... .......... .......... .......... 92%  158M 0s
 42350K .......... .......... .......... .......... .......... 92% 71.1M 0s
 42400K .......... .......... .......... .......... .......... 92% 41.6M 0s
 42450K .......... .......... .......... .......... .......... 92% 48.2M 0s
 42500K .......... .......... .......... .......... .......... 92% 53.9M 0s
 42550K .......... .......... .......... .......... .......... 92% 52.9M 0s
 42600K .......... .......... .......... .......... .......... 92% 40.4M 0s
 42650K .......... .......... .......... .......... .......... 92% 52.3M 0s
 42700K .......... .......... .......... .......... .......... 93% 52.0M 0s
 42750K .......... .......... .......... .......... .......... 93% 55.9M 0s
 42800K .......... .......... .......... .......... .......... 93% 53.5M 0s
 42850K .......... .......... .......... .......... .......... 93%  181M 0s
 42900K .......... .......... .......... .......... .......... 93%  179M 0s
 42950K .......... .......... .......... .......... .......... 93% 97.9M 0s
 43000K .......... .......... .......... .......... .......... 93% 41.5M 0s
 43050K .......... .......... .......... .......... .......... 93% 52.6M 0s
 43100K .......... .......... .......... .......... .......... 93% 54.4M 0s
 43150K .......... .......... .......... .......... .......... 93% 54.4M 0s
 43200K .......... .......... .......... .......... .......... 94% 52.7M 0s
 43250K .......... .......... .......... .......... .......... 94% 56.2M 0s
 43300K .......... .......... .......... .......... .......... 94% 92.5M 0s
 43350K .......... .......... .......... .......... .......... 94%  175M 0s
 43400K .......... .......... .......... .......... .......... 94% 60.7M 0s
 43450K .......... .......... .......... .......... .......... 94% 52.5M 0s
 43500K .......... .......... .......... .......... .......... 94% 49.8M 0s
 43550K .......... .......... .......... .......... .......... 94% 51.3M 0s
 43600K .......... .......... .......... .......... .......... 94% 53.0M 0s
 43650K .......... .......... .......... .......... .......... 95% 55.0M 0s
 43700K .......... .......... .......... .......... .......... 95% 60.2M 0s
 43750K .......... .......... .......... .......... .......... 95%  199M 0s
 43800K .......... .......... .......... .......... .......... 95%  147M 0s
 43850K .......... .......... .......... .......... .......... 95%  174M 0s
 43900K .......... .......... .......... .......... .......... 95% 54.7M 0s
 43950K .......... .......... .......... .......... .......... 95% 50.9M 0s
 44000K .......... .......... .......... .......... .......... 95% 54.8M 0s
 44050K .......... .......... .......... .......... .......... 95% 55.3M 0s
 44100K .......... .......... .......... .......... .......... 96% 54.2M 0s
 44150K .......... .......... .......... .......... .......... 96% 49.3M 0s
 44200K .......... .......... .......... .......... .......... 96% 40.9M 0s
 44250K .......... .......... .......... .......... .......... 96% 44.6M 0s
 44300K .......... .......... .......... .......... .......... 96%  110M 0s
 44350K .......... .......... .......... .......... .......... 96% 53.8M 0s
 44400K .......... .......... .......... .......... .......... 96% 63.2M 0s
 44450K .......... .......... .......... .......... .......... 96% 72.1M 0s
 44500K .......... .......... .......... .......... .......... 96% 50.2M 0s
 44550K .......... .......... .......... .......... .......... 97%  108M 0s
 44600K .......... .......... .......... .......... .......... 97% 39.0M 0s
 44650K .......... .......... .......... .......... .......... 97% 53.0M 0s
 44700K .......... .......... .......... .......... .......... 97%  191M 0s
 44750K .......... .......... .......... .......... .......... 97%  197M 0s
 44800K .......... .......... .......... .......... .......... 97%  155M 0s
 44850K .......... .......... .......... .......... .......... 97% 53.4M 0s
 44900K .......... .......... .......... .......... .......... 97% 51.5M 0s
 44950K .......... .......... .......... .......... .......... 97% 52.9M 0s
 45000K .......... .......... .......... .......... .......... 98% 41.3M 0s
 45050K .......... .......... .......... .......... .......... 98% 53.0M 0s
 45100K .......... .......... .......... .......... .......... 98% 37.3M 0s
 45150K .......... .......... .......... .......... .......... 98% 42.7M 0s
 45200K .......... .......... .......... .......... .......... 98% 28.3M 0s
 45250K .......... .......... .......... .......... .......... 98% 41.2M 0s
 45300K .......... .......... .......... .......... .......... 98% 45.4M 0s
 45350K .......... .......... .......... .......... .......... 98% 35.6M 0s
 45400K .......... .......... .......... .......... .......... 98% 26.6M 0s
 45450K .......... .......... .......... .......... .......... 98% 28.8M 0s
 45500K .......... .......... .......... .......... .......... 99% 43.4M 0s
 45550K .......... .......... .......... .......... .......... 99% 46.7M 0s
 45600K .......... .......... .......... .......... .......... 99% 44.8M 0s
 45650K .......... .......... .......... .......... .......... 99% 91.1M 0s
 45700K .......... .......... .......... .......... .......... 99% 45.2M 0s
 45750K .......... .......... .......... .......... .......... 99% 38.8M 0s
 45800K .......... .......... .......... .......... .......... 99% 69.7M 0s
 45850K .......... .......... .......... .......... .......... 99% 39.6M 0s
 45900K .......... .......... .......... .......... .......... 99% 42.0M 0s
 45950K .......... .                                          100% 26.3M=1.1s

2019-03-01 21:27:26 (40.5 MB/s) - 已保存 “kernel-ml-4.18.20-1.el6.elrepo.x86_64.rpm” [47064928/47064928])

--2019-03-01 21:27:26--  http://repos.lax.quadranet.com/elrepo/archive/kernel/el6/x86_64/RPMS/kernel-ml-devel-4.18.20-1.el6.elrepo.x86_64.rpm
正在解析主机 repos.lax.quadranet.com... 198.55.111.5, 2607:fcd0:0:a::2
正在连接 repos.lax.quadranet.com|198.55.111.5|:80... 已连接。
已发出 HTTP 请求，正在等待回应... 200 OK
长度：12964336 (12M) [application/x-redhat-package-manager]
正在保存至: “kernel-ml-devel-4.18.20-1.el6.elrepo.x86_64.rpm”

     0K .......... .......... .......... .......... ..........  0% 7.86M 2s
    50K .......... .......... .......... .......... ..........  0% 10.0M 1s
   100K .......... .......... .......... .......... ..........  1% 18.2M 1s
   150K .......... .......... .......... .......... ..........  1% 22.7M 1s
   200K .......... .......... .......... .......... ..........  1% 35.5M 1s
   250K .......... .......... .......... .......... ..........  2% 24.2M 1s
   300K .......... .......... .......... .......... ..........  2% 14.4M 1s
   350K .......... .......... .......... .......... ..........  3% 24.8M 1s
   400K .......... .......... .......... .......... ..........  3% 39.3M 1s
   450K .......... .......... .......... .......... ..........  3% 15.5M 1s
   500K .......... .......... .......... .......... ..........  4% 24.4M 1s
   550K .......... .......... .......... .......... ..........  4% 11.4M 1s
   600K .......... .......... .......... .......... ..........  5% 22.2M 1s
   650K .......... .......... .......... .......... ..........  5% 21.5M 1s
   700K .......... .......... .......... .......... ..........  5% 14.8M 1s
   750K .......... .......... .......... .......... ..........  6%  119M 1s
   800K .......... .......... .......... .......... ..........  6%  171M 1s
   850K .......... .......... .......... .......... ..........  7%  123M 1s
   900K .......... .......... .......... .......... ..........  7%  105M 1s
   950K .......... .......... .......... .......... ..........  7%  120M 1s
  1000K .......... .......... .......... .......... ..........  8%  154M 1s
  1050K .......... .......... .......... .......... ..........  8%  150M 0s
  1100K .......... .......... .......... .......... ..........  9%  176M 0s
  1150K .......... .......... .......... .......... ..........  9%  210M 0s
  1200K .......... .......... .......... .......... ..........  9%  140M 0s
  1250K .......... .......... .......... .......... .......... 10%  143M 0s
  1300K .......... .......... .......... .......... .......... 10%  196M 0s
  1350K .......... .......... .......... .......... .......... 11% 65.6M 0s
  1400K .......... .......... .......... .......... .......... 11% 23.7M 0s
  1450K .......... .......... .......... .......... .......... 11% 28.5M 0s
  1500K .......... .......... .......... .......... .......... 12% 41.4M 0s
  1550K .......... .......... .......... .......... .......... 12% 27.6M 0s
  1600K .......... .......... .......... .......... .......... 13%  191M 0s
  1650K .......... .......... .......... .......... .......... 13%  183M 0s
  1700K .......... .......... .......... .......... .......... 13%  159M 0s
  1750K .......... .......... .......... .......... .......... 14%  115M 0s
  1800K .......... .......... .......... .......... .......... 14%  138M 0s
  1850K .......... .......... .......... .......... .......... 15%  152M 0s
  1900K .......... .......... .......... .......... .......... 15%  143M 0s
  1950K .......... .......... .......... .......... .......... 15% 12.8M 0s
  2000K .......... .......... .......... .......... .......... 16% 45.9M 0s
  2050K .......... .......... .......... .......... .......... 16% 25.5M 0s
  2100K .......... .......... .......... .......... .......... 16% 35.0M 0s
  2150K .......... .......... .......... .......... .......... 17% 24.6M 0s
  2200K .......... .......... .......... .......... .......... 17% 46.2M 0s
  2250K .......... .......... .......... .......... .......... 18% 47.0M 0s
  2300K .......... .......... .......... .......... .......... 18% 29.1M 0s
  2350K .......... .......... .......... .......... .......... 18% 21.9M 0s
  2400K .......... .......... .......... .......... .......... 19% 30.5M 0s
  2450K .......... .......... .......... .......... .......... 19% 24.3M 0s
  2500K .......... .......... .......... .......... .......... 20% 19.4M 0s
  2550K .......... .......... .......... .......... .......... 20%  103M 0s
  2600K .......... .......... .......... .......... .......... 20% 45.8M 0s
  2650K .......... .......... .......... .......... .......... 21% 32.5M 0s
  2700K .......... .......... .......... .......... .......... 21% 12.8M 0s
  2750K .......... .......... .......... .......... .......... 22% 34.4M 0s
  2800K .......... .......... .......... .......... .......... 22%  164M 0s
  2850K .......... .......... .......... .......... .......... 22%  132M 0s
  2900K .......... .......... .......... .......... .......... 23% 19.1M 0s
  2950K .......... .......... .......... .......... .......... 23% 54.2M 0s
  3000K .......... .......... .......... .......... .......... 24% 34.3M 0s
  3050K .......... .......... .......... .......... .......... 24% 28.5M 0s
  3100K .......... .......... .......... .......... .......... 24% 17.0M 0s
  3150K .......... .......... .......... .......... .......... 25% 42.8M 0s
  3200K .......... .......... .......... .......... .......... 25% 46.4M 0s
  3250K .......... .......... .......... .......... .......... 26% 47.1M 0s
  3300K .......... .......... .......... .......... .......... 26% 16.2M 0s
  3350K .......... .......... .......... .......... .......... 26% 41.4M 0s
  3400K .......... .......... .......... .......... .......... 27% 32.7M 0s
  3450K .......... .......... .......... .......... .......... 27% 42.3M 0s
  3500K .......... .......... .......... .......... .......... 28% 37.6M 0s
  3550K .......... .......... .......... .......... .......... 28%  123M 0s
  3600K .......... .......... .......... .......... .......... 28%  149M 0s
  3650K .......... .......... .......... .......... .......... 29%  135M 0s
  3700K .......... .......... .......... .......... .......... 29%  150M 0s
  3750K .......... .......... .......... .......... .......... 30%  139M 0s
  3800K .......... .......... .......... .......... .......... 30%  119M 0s
  3850K .......... .......... .......... .......... .......... 30%  145M 0s
  3900K .......... .......... .......... .......... .......... 31%  108M 0s
  3950K .......... .......... .......... .......... .......... 31%  108M 0s
  4000K .......... .......... .......... .......... .......... 31%  108M 0s
  4050K .......... .......... .......... .......... .......... 32%  111M 0s
  4100K .......... .......... .......... .......... .......... 32%  115M 0s
  4150K .......... .......... .......... .......... .......... 33%  136M 0s
  4200K .......... .......... .......... .......... .......... 33% 72.1M 0s
  4250K .......... .......... .......... .......... .......... 33%  146M 0s
  4300K .......... .......... .......... .......... .......... 34%  115M 0s
  4350K .......... .......... .......... .......... .......... 34% 36.4M 0s
  4400K .......... .......... .......... .......... .......... 35% 36.0M 0s
  4450K .......... .......... .......... .......... .......... 35% 47.5M 0s
  4500K .......... .......... .......... .......... .......... 35% 72.4M 0s
  4550K .......... .......... .......... .......... .......... 36%  173M 0s
  4600K .......... .......... .......... .......... .......... 36% 73.5M 0s
  4650K .......... .......... .......... .......... .......... 37% 38.0M 0s
  4700K .......... .......... .......... .......... .......... 37% 9.79M 0s
  4750K .......... .......... .......... .......... .......... 37% 35.9M 0s
  4800K .......... .......... .......... .......... .......... 38% 30.7M 0s
  4850K .......... .......... .......... .......... .......... 38% 24.1M 0s
  4900K .......... .......... .......... .......... .......... 39% 30.1M 0s
  4950K .......... .......... .......... .......... .......... 39% 7.22M 0s
  5000K .......... .......... .......... .......... .......... 39% 29.2M 0s
  5050K .......... .......... .......... .......... .......... 40% 32.4M 0s
  5100K .......... .......... .......... .......... .......... 40% 41.8M 0s
  5150K .......... .......... .......... .......... .......... 41% 41.2M 0s
  5200K .......... .......... .......... .......... .......... 41% 30.1M 0s
  5250K .......... .......... .......... .......... .......... 41% 33.8M 0s
  5300K .......... .......... .......... .......... .......... 42% 49.5M 0s
  5350K .......... .......... .......... .......... .......... 42% 50.6M 0s
  5400K .......... .......... .......... .......... .......... 43% 33.8M 0s
  5450K .......... .......... .......... .......... .......... 43% 30.7M 0s
  5500K .......... .......... .......... .......... .......... 43% 46.5M 0s
  5550K .......... .......... .......... .......... .......... 44% 44.7M 0s
  5600K .......... .......... .......... .......... .......... 44% 40.1M 0s
  5650K .......... .......... .......... .......... .......... 45% 54.4M 0s
  5700K .......... .......... .......... .......... .......... 45% 42.6M 0s
  5750K .......... .......... .......... .......... .......... 45% 51.1M 0s
  5800K .......... .......... .......... .......... .......... 46% 4.54M 0s
  5850K .......... .......... .......... .......... .......... 46% 49.0M 0s
  5900K .......... .......... .......... .......... .......... 46% 51.6M 0s
  5950K .......... .......... .......... .......... .......... 47% 28.0M 0s
  6000K .......... .......... .......... .......... .......... 47% 43.0M 0s
  6050K .......... .......... .......... .......... .......... 48% 43.5M 0s
  6100K .......... .......... .......... .......... .......... 48% 41.9M 0s
  6150K .......... .......... .......... .......... .......... 48% 37.6M 0s
  6200K .......... .......... .......... .......... .......... 49% 32.5M 0s
  6250K .......... .......... .......... .......... .......... 49% 44.9M 0s
  6300K .......... .......... .......... .......... .......... 50% 43.8M 0s
  6350K .......... .......... .......... .......... .......... 50% 39.3M 0s
  6400K .......... .......... .......... .......... .......... 50% 15.6M 0s
  6450K .......... .......... .......... .......... .......... 51% 10.7M 0s
  6500K .......... .......... .......... .......... .......... 51% 20.7M 0s
  6550K .......... .......... .......... .......... .......... 52% 46.7M 0s
  6600K .......... .......... .......... .......... .......... 52% 29.5M 0s
  6650K .......... .......... .......... .......... .......... 52% 30.6M 0s
  6700K .......... .......... .......... .......... .......... 53% 45.4M 0s
  6750K .......... .......... .......... .......... .......... 53%  177M 0s
  6800K .......... .......... .......... .......... .......... 54% 59.3M 0s
  6850K .......... .......... .......... .......... .......... 54% 46.3M 0s
  6900K .......... .......... .......... .......... .......... 54% 45.2M 0s
  6950K .......... .......... .......... .......... .......... 55% 55.2M 0s
  7000K .......... .......... .......... .......... .......... 55% 49.5M 0s
  7050K .......... .......... .......... .......... .......... 56% 91.9M 0s
  7100K .......... .......... .......... .......... .......... 56%  114M 0s
  7150K .......... .......... .......... .......... .......... 56% 90.3M 0s
  7200K .......... .......... .......... .......... .......... 57% 87.6M 0s
  7250K .......... .......... .......... .......... .......... 57%  125M 0s
  7300K .......... .......... .......... .......... .......... 58%  126M 0s
  7350K .......... .......... .......... .......... .......... 58% 48.0M 0s
  7400K .......... .......... .......... .......... .......... 58% 41.2M 0s
  7450K .......... .......... .......... .......... .......... 59% 30.6M 0s
  7500K .......... .......... .......... .......... .......... 59% 39.8M 0s
  7550K .......... .......... .......... .......... .......... 60% 33.2M 0s
  7600K .......... .......... .......... .......... .......... 60% 41.2M 0s
  7650K .......... .......... .......... .......... .......... 60% 40.6M 0s
  7700K .......... .......... .......... .......... .......... 61% 68.0M 0s
  7750K .......... .......... .......... .......... .......... 61% 39.3M 0s
  7800K .......... .......... .......... .......... .......... 62% 34.8M 0s
  7850K .......... .......... .......... .......... .......... 62% 24.2M 0s
  7900K .......... .......... .......... .......... .......... 62% 10.0M 0s
  7950K .......... .......... .......... .......... .......... 63% 22.1M 0s
  8000K .......... .......... .......... .......... .......... 63% 51.2M 0s
  8050K .......... .......... .......... .......... .......... 63% 17.2M 0s
  8100K .......... .......... .......... .......... .......... 64% 53.2M 0s
  8150K .......... .......... .......... .......... .......... 64% 45.9M 0s
  8200K .......... .......... .......... .......... .......... 65% 11.1M 0s
  8250K .......... .......... .......... .......... .......... 65%  105M 0s
  8300K .......... .......... .......... .......... .......... 65% 56.6M 0s
  8350K .......... .......... .......... .......... .......... 66%  111M 0s
  8400K .......... .......... .......... .......... .......... 66% 86.0M 0s
  8450K .......... .......... .......... .......... .......... 67% 60.7M 0s
  8500K .......... .......... .......... .......... .......... 67% 41.9M 0s
  8550K .......... .......... .......... .......... .......... 67% 12.9M 0s
  8600K .......... .......... .......... .......... .......... 68% 23.0M 0s
  8650K .......... .......... .......... .......... .......... 68% 10.7M 0s
  8700K .......... .......... .......... .......... .......... 69% 25.9M 0s
  8750K .......... .......... .......... .......... .......... 69% 35.9M 0s
  8800K .......... .......... .......... .......... .......... 69% 39.5M 0s
  8850K .......... .......... .......... .......... .......... 70% 47.9M 0s
  8900K .......... .......... .......... .......... .......... 70% 31.7M 0s
  8950K .......... .......... .......... .......... .......... 71% 27.4M 0s
  9000K .......... .......... .......... .......... .......... 71% 33.4M 0s
  9050K .......... .......... .......... .......... .......... 71%  100M 0s
  9100K .......... .......... .......... .......... .......... 72% 50.5M 0s
  9150K .......... .......... .......... .......... .......... 72% 44.4M 0s
  9200K .......... .......... .......... .......... .......... 73% 46.8M 0s
  9250K .......... .......... .......... .......... .......... 73% 66.5M 0s
  9300K .......... .......... .......... .......... .......... 73% 37.7M 0s
  9350K .......... .......... .......... .......... .......... 74% 27.5M 0s
  9400K .......... .......... .......... .......... .......... 74% 35.2M 0s
  9450K .......... .......... .......... .......... .......... 75% 10.5M 0s
  9500K .......... .......... .......... .......... .......... 75% 25.6M 0s
  9550K .......... .......... .......... .......... .......... 75% 39.4M 0s
  9600K .......... .......... .......... .......... .......... 76% 4.57M 0s
  9650K .......... .......... .......... .......... .......... 76%  139M 0s
  9700K .......... .......... .......... .......... .......... 77%  141M 0s
  9750K .......... .......... .......... .......... .......... 77% 44.7M 0s
  9800K .......... .......... .......... .......... .......... 77% 46.5M 0s
  9850K .......... .......... .......... .......... .......... 78% 43.0M 0s
  9900K .......... .......... .......... .......... .......... 78% 53.2M 0s
  9950K .......... .......... .......... .......... .......... 78% 50.0M 0s
 10000K .......... .......... .......... .......... .......... 79% 50.1M 0s
 10050K .......... .......... .......... .......... .......... 79% 47.1M 0s
 10100K .......... .......... .......... .......... .......... 80% 45.0M 0s
 10150K .......... .......... .......... .......... .......... 80% 47.8M 0s
 10200K .......... .......... .......... .......... .......... 80% 48.5M 0s
 10250K .......... .......... .......... .......... .......... 81% 42.1M 0s
 10300K .......... .......... .......... .......... .......... 81% 30.0M 0s
 10350K .......... .......... .......... .......... .......... 82% 44.1M 0s
 10400K .......... .......... .......... .......... .......... 82% 55.6M 0s
 10450K .......... .......... .......... .......... .......... 82% 47.5M 0s
 10500K .......... .......... .......... .......... .......... 83% 49.0M 0s
 10550K .......... .......... .......... .......... .......... 83% 44.6M 0s
 10600K .......... .......... .......... .......... .......... 84% 49.9M 0s
 10650K .......... .......... .......... .......... .......... 84% 49.6M 0s
 10700K .......... .......... .......... .......... .......... 84% 44.2M 0s
 10750K .......... .......... .......... .......... .......... 85% 52.9M 0s
 10800K .......... .......... .......... .......... .......... 85% 45.8M 0s
 10850K .......... .......... .......... .......... .......... 86% 46.9M 0s
 10900K .......... .......... .......... .......... .......... 86% 30.3M 0s
 10950K .......... .......... .......... .......... .......... 86% 82.5M 0s
 11000K .......... .......... .......... .......... .......... 87% 27.9M 0s
 11050K .......... .......... .......... .......... .......... 87% 42.4M 0s
 11100K .......... .......... .......... .......... .......... 88% 52.0M 0s
 11150K .......... .......... .......... .......... .......... 88% 65.6M 0s
 11200K .......... .......... .......... .......... .......... 88% 39.0M 0s
 11250K .......... .......... .......... .......... .......... 89% 39.1M 0s
 11300K .......... .......... .......... .......... .......... 89% 59.0M 0s
 11350K .......... .......... .......... .......... .......... 90% 36.0M 0s
 11400K .......... .......... .......... .......... .......... 90% 68.0M 0s
 11450K .......... .......... .......... .......... .......... 90% 39.6M 0s
 11500K .......... .......... .......... .......... .......... 91% 31.5M 0s
 11550K .......... .......... .......... .......... .......... 91% 56.5M 0s
 11600K .......... .......... .......... .......... .......... 92% 40.5M 0s
 11650K .......... .......... .......... .......... .......... 92% 43.3M 0s
 11700K .......... .......... .......... .......... .......... 92% 56.0M 0s
 11750K .......... .......... .......... .......... .......... 93% 28.1M 0s
 11800K .......... .......... .......... .......... .......... 93% 47.3M 0s
 11850K .......... .......... .......... .......... .......... 93% 37.4M 0s
 11900K .......... .......... .......... .......... .......... 94% 37.6M 0s
 11950K .......... .......... .......... .......... .......... 94% 47.1M 0s
 12000K .......... .......... .......... .......... .......... 95% 36.4M 0s
 12050K .......... .......... .......... .......... .......... 95% 36.7M 0s
 12100K .......... .......... .......... .......... .......... 95% 50.4M 0s
 12150K .......... .......... .......... .......... .......... 96% 48.0M 0s
 12200K .......... .......... .......... .......... .......... 96% 64.0M 0s
 12250K .......... .......... .......... .......... .......... 97% 39.7M 0s
 12300K .......... .......... .......... .......... .......... 97% 37.2M 0s
 12350K .......... .......... .......... .......... .......... 97% 62.7M 0s
 12400K .......... .......... .......... .......... .......... 98% 40.4M 0s
 12450K .......... .......... .......... .......... .......... 98% 80.4M 0s
 12500K .......... .......... .......... .......... .......... 99% 25.3M 0s
 12550K .......... .......... .......... .......... .......... 99% 46.4M 0s
 12600K .......... .......... .......... .......... .......... 99% 65.8M 0s
 12650K ..........                                            100% 26.9M=0.4s

2019-03-01 21:27:26 (34.6 MB/s) - 已保存 “kernel-ml-devel-4.18.20-1.el6.elrepo.x86_64.rpm” [12964336/12964336])

Preparing...                ##################################################
kernel-ml                   ##################################################
Preparing...                ##################################################
kernel-ml-devel             ##################################################

[0;32mInfo:[0m The system needs to reboot.
Do you want to restart system? [y/n]